TRACE log.MosaicLogger  (MosaicLogger.java:41) - [TRACE] Test declare exchange finished with result: true
TRACE log.MosaicLogger  (MosaicLogger.java:41) - [TRACE] Test set 1 finished with result: true
TRACE log.MosaicLogger  (MosaicLogger.java:41) - [TRACE] Test set 1 finished with result: true
TRACE log.MosaicLogger  (MosaicLogger.java:41) - [TRACE] Test get finished with result: fantastic
TRACE log.MosaicLogger  (MosaicLogger.java:41) - [TRACE] Test getBulk finished with result: {e6092776-3f3d-495b-8d90-28e03a86068d_key_fantastic=fantastic, e6092776-3f3d-495b-8d90-28e03a86068d_key_famous=famous}
TRACE log.MosaicLogger  (MosaicLogger.java:41) - [TRACE] Test add1 finished with result: false
TRACE log.MosaicLogger  (MosaicLogger.java:41) - [TRACE] Test add2 finished with result: true
TRACE log.MosaicLogger  (MosaicLogger.java:41) - [TRACE] Test replace finished with result: true
TRACE log.MosaicLogger  (MosaicLogger.java:41) - [TRACE] Test Get after replace finished with result: fantabulous
TRACE log.MosaicLogger  (MosaicLogger.java:41) - [TRACE] Test append finished with result: true
TRACE log.MosaicLogger  (MosaicLogger.java:41) - [TRACE] Test prepend finished with result: true
TRACE log.MosaicLogger  (MosaicLogger.java:41) - [TRACE] Test Get after append finished with result: fantabulous and miraculous
TRACE log.MosaicLogger  (MosaicLogger.java:41) - [TRACE] Test Get after prepend finished with result: it is fantabulous and miraculous
TRACE log.MosaicLogger  (MosaicLogger.java:41) - [TRACE] Test delete finished with result: true
TRACE log.MosaicLogger  (MosaicLogger.java:41) - [TRACE] Test Get after delete finished with result: null
TRACE log.MosaicLogger  (MosaicLogger.java:41) - [TRACE] MemcachedDriver destroyed.
TRACE log.MosaicLogger  (MosaicLogger.java:41) - [TRACE] Test set 1 finished with result: true
TRACE log.MosaicLogger  (MosaicLogger.java:41) - [TRACE] Test set 2 finished with result: true
TRACE log.MosaicLogger  (MosaicLogger.java:41) - [TRACE] Test get finished with result: fantastic
TRACE log.MosaicLogger  (MosaicLogger.java:41) - [TRACE] Test list finished with result: [3829706e-ed57-4c73-9e0b-bb938637fbbe_key_famous, 3829706e-ed57-4c73-9e0b-bb938637fbbe_key_fantastic]
TRACE log.MosaicLogger  (MosaicLogger.java:41) - [TRACE] Test delete 1 finished with result: true
TRACE log.MosaicLogger  (MosaicLogger.java:41) - [TRACE] Test delete 2 finished with result: true
TRACE log.MosaicLogger  (MosaicLogger.java:41) - [TRACE] RedisDriver destroyed.
TRACE log.MosaicLogger  (MosaicLogger.java:41) - [TRACE] Test check deleted finished with result: null
